0 0.00452851427065637
0.043478260869565216 0.04478279228710513
0.08695652173913043 0.08564186402857521
0.13043478260869565 0.12696809851081126
0.17391304347826086 0.16861816915729855
0.21739130434782608 0.21044492555508842
0.2608695652173913 0.25229931714799747
0.30434782608695654 0.29403230396396773
0.34782608695652173 0.3354966903069545
0.391304347826087 0.37654882183639893
0.43478260869565216 0.4170500943257057
0.4782608695652174 0.45686823308154934
0.5217391304347826 0.4958783147460073
0.5652173913043478 0.5339635170768317
0.6086956521739131 0.5710155963318301
0.6521739130434783 0.606935105123802
0.6956521739130435 0.6416313752221129
0.7391304347826086 0.6750222990851619
0.782608695652174 0.7070339504560241
0.8260869565217391 0.737600087914219
0.8695652173913043 0.7666615858523043
0.9130434782608695 0.7941658351480894
0.9565217391304348 0.8200661512175931
1 0.8443212206769266
1.0434782608695652 0.8668946101118882
1.0869565217391304 0.8877543520841754
1.1304347826086956 0.9068726151121267
1.173913043478261 0.9242254565171979
1.2173913043478262 0.9397926502037278
1.2608695652173914 0.9535575760055671
1.3043478260869565 0.9655071534290836
1.3478260869565217 0.9756318005555278
1.391304347826087 0.9839253985170533
1.434782608695652 0.9903852431948859
1.4782608695652173 0.9950119683760967
1.5217391304347827 0.9978094282484935
1.565217391304348 0.998784531471905
1.608695652173913 0.997947023786443
1.6521739130434783 0.9953092208657541
1.6956521739130435 0.9908856975932037
1.7391304347826086 0.9846929438806103
1.7826086956521738 0.9767490003740924
1.826086956521739 0.9670730897763493
1.8695652173913044 0.9556852609989696
1.9130434782608696 0.9426060639372958
1.9565217391304348 0.9278562723742182
2 0.9114566714411126
2.0434782608695654 0.8934279242875138
2.0869565217391304 0.8737905302386823
2.130434782608696 0.8525648838550307
2.1739130434782608 0.829771441046431
2.217391304347826 0.8054309948260002
2.260869565217391 0.7795650594917427
2.3043478260869565 0.7521963580742683
2.347826086956522 0.7233494038580852
2.391304347826087 0.6930511627515976
2.4347826086956523 0.6613317793382509
2.4782608695652173 0.6282253456976026
2.5217391304347827 0.5937706886718023
2.5652173913043477 0.5580121483243511
2.608695652173913 0.5210003180682091
2.652173913043478 0.48279271551615976
2.6956521739130435 0.4434543527149897
2.739130434782609 0.40305817523803034
2.782608695652174 0.361685341764048
2.8260869565217392 0.3194253193442337
2.869565217391304 0.27637577455663753
2.9130434782608696 0.23264224707922332
2.9565217391304346 0.18833759968640085
3 0.14358124699280217
3.0434782608695654 0.0984981740416595
3.0869565217391304 0.05321776459973182
3.130434782608696 0.007872467271570427
3.1739130434782608 -0.03740366522342331
3.217391304347826 -0.08247652252153936
3.260869565217391 -0.12721352386138585
3.3043478260869565 -0.17148519937607865
3.347826086956522 -0.21516671917632757
3.391304347826087 -0.25813932663455663
3.4347826086956523 -0.3002916369344617
3.4782608695652173 -0.34152076826112765
3.5217391304347827 -0.38173328053949596
3.5652173913043477 -0.4208459048886495
3.608695652173913 -0.4587860554346521
3.652173913043478 -0.49549212333039794
3.6956521739130435 -0.5309135603436947
3.739130434782609 -0.5650107658603525
3.782608695652174 -0.5977547963769843
3.8260869565217392 -0.6291269204064025
3.869565217391304 -0.6591180441669813
3.9130434782608696 -0.6877280345444137
3.9565217391304346 -0.7149649657374406
4 -0.7408443149136585
4.043478260869565 -0.7653881303192311
4.086956521739131 -0.7886241928262727
4.130434782608695 -0.8105851890742948
4.173913043478261 -0.8313079113575099
4.217391304347826 -0.8508324963897602
4.260869565217392 -0.869201712173475
4.304347826086956 -0.886460299505291
