0 0.010593481520473347
0.043478260869565216 0.04974551804231564
0.08695652173913043 0.0896274662508334
0.13043478260869565 0.13010725505062415
0.17391304347826086 0.1710438188784773
0.21739130434782608 0.21228869539956086
0.2608695652173913 0.25368781259428874
0.30434782608695654 0.29508341806209537
0.34782608695652173 0.3363160962986542
0.391304347826087 0.3772268150773217
0.43478260869565216 0.4176589402363302
0.4782608695652174 0.4574601592981431
0.5217391304347826 0.4964842583725806
0.5652173913043478 0.5345927034601055
0.6086956521739131 0.5716559861339874
0.6521739130434783 0.6075547040585965
0.6956521739130435 0.6421803582292334
0.7391304347826086 0.6754358605035515
0.782608695652174 0.7072357562726419
0.8260869565217391 0.7375061774066094
0.8695652173913043 0.7661845494351482
0.9130434782608695 0.7932190839548887
0.9565217391304348 0.8185680923023819
1 0.842199159542458
1.0434782608695652 0.86408821886596
1.0869565217391304 0.8842185657377726
1.1304347826086956 0.9025798488281629
1.173913043478261 0.9191670711886959
1.2173913043478262 0.9339796306137071
1.2608695652173914 0.9470204229793209
1.3043478260869565 0.9582950268826977
1.3478260869565217 0.9678109823994097
1.391304347826087 0.9755771714893655
1.434782608695652 0.9816033027262814
1.4782608695652173 0.9858994987753904
1.5217391304347827 0.9884759815280335
1.565217391304348 0.9893428471038728
1.608695652173913 0.9885099210909443
1.6521739130434783 0.985986683405818
1.6956521739130435 0.9817822519750534
1.7391304347826086 0.9759054149819397
1.7826086956521738 0.9683647025744502
1.826086956521739 0.9591684905519149
1.8695652173913044 0.9483251304824247
1.9130434782608696 0.9358431027851968
1.9565217391304348 0.9217311913769308
2 0.905998680371652
2.0434782608695654 0.8886555748984322
2.0869565217391304 0.8697128492412334
2.130434782608696 0.8491827261169911
2.1739130434782608 0.8270789909288052
2.217391304347826 0.8034173442293497
2.260869565217391 0.778215794406645
2.3043478260869565 0.7514950907939209
2.347826086956522 0.7232791950733117
2.391304347826087 0.6935957860858586
2.4347826086956523 0.662476790103333
2.4782608695652173 0.629958925412428
2.5217391304347827 0.5960842468838063
2.5652173913043477 0.5609006732400352
2.608695652173913 0.5244624772014597
2.652173913043478 0.48683071678348466
2.6956521739130435 0.4480735849390769
2.739130434782609 0.40826665466026646
2.782608695652174 0.3674929977078254
2.8260869565217392 0.3258431574117753
2.869565217391304 0.2834149594921065
2.9130434782608696 0.24031314952560545
2.9565217391304346 0.19664885138264476
3 0.15253884744402968
3.0434782608695654 0.10810468837320131
3.0869565217391304 0.06347164729369648
3.130434782608696 0.018767540000532046
3.1739130434782608 -0.02587856109393072
3.217391304347826 -0.07033768659792217
3.260869565217391 -0.11448236711315429
3.3043478260869565 -0.15818802937512966
3.347826086956522 -0.20133435324683346
3.391304347826087 -0.24380655287962383
3.4347826086956523 -0.28549654863795926
3.4782608695652173 -0.32630400109374325
3.5217391304347827 -0.36613718421508423
3.5652173913043477 -0.40491368142834605
3.608695652173913 -0.442560895121231
3.652173913043478 -0.4790163669852836
3.6956521739130435 -0.5142279130127416
3.739130434782609 -0.5481535826691784
3.782608695652174 -0.5807614565398451
3.8260869565217392 -0.6120293004564556
3.869565217391304 -0.6419440966965149
3.9130434782608696 -0.6705014743274991
3.9565217391304346 -0.6977050612227262
4 -0.72356577983076
4.043478260869565 -0.7481011075912367
4.086956521739131 -0.7713343211274115
4.130434782608695 -0.793293741180402
4.173913043478261 -0.8140119928429299
4.217391304347826 -0.8335252931443933
4.260869565217392 -0.8518727755544366
4.304347826086956 -0.8690958586040549
05291
